2026-03-21T17:42:13.319Z CastError: Cast to ObjectId failed for value "undefined" (type string) at path "_id" for model "User"
    at SchemaObjectId.cast (C:\Users\Minindu\Desktop\CareerPath\Backend\node_modules\mongoose\lib\schema\objectId.js:253:11)
    at SchemaType.applySetters (C:\Users\Minindu\Desktop\CareerPath\Backend\node_modules\mongoose\lib\schemaType.js:1287:12)
    at SchemaType.castForQuery (C:\Users\Minindu\Desktop\CareerPath\Backend\node_modules\mongoose\lib\schemaType.js:1713:17)
    at cast (C:\Users\Minindu\Desktop\CareerPath\Backend\node_modules\mongoose\lib\cast.js:386:32)
    at Query.cast (C:\Users\Minindu\Desktop\CareerPath\Backend\node_modules\mongoose\lib\query.js:5127:12)
    at Query._castConditions (C:\Users\Minindu\Desktop\CareerPath\Backend\node_modules\mongoose\lib\query.js:2376:10)
    at model.Query._findOne (C:\Users\Minindu\Desktop\CareerPath\Backend\node_modules\mongoose\lib\query.js:2716:8)
    at model.Query.exec (C:\Users\Minindu\Desktop\CareerPath\Backend\node_modules\mongoose\lib\query.js:4726:80)
    at process.processTicksAndRejections (node:internal/process/task_queues:105:5)
    at async exports.updateProfile (C:\Users\Minindu\Desktop\CareerPath\Backend\Controllers\userController.js:25:18)
2026-03-21T17:42:17.595Z CastError: Cast to ObjectId failed for value "undefined" (type string) at path "_id" for model "User"
    at SchemaObjectId.cast (C:\Users\Minindu\Desktop\CareerPath\Backend\node_modules\mongoose\lib\schema\objectId.js:253:11)
    at SchemaType.applySetters (C:\Users\Minindu\Desktop\CareerPath\Backend\node_modules\mongoose\lib\schemaType.js:1287:12)
    at SchemaType.castForQuery (C:\Users\Minindu\Desktop\CareerPath\Backend\node_modules\mongoose\lib\schemaType.js:1713:17)
    at cast (C:\Users\Minindu\Desktop\CareerPath\Backend\node_modules\mongoose\lib\cast.js:386:32)
    at Query.cast (C:\Users\Minindu\Desktop\CareerPath\Backend\node_modules\mongoose\lib\query.js:5127:12)
    at Query._castConditions (C:\Users\Minindu\Desktop\CareerPath\Backend\node_modules\mongoose\lib\query.js:2376:10)
    at model.Query._findOne (C:\Users\Minindu\Desktop\CareerPath\Backend\node_modules\mongoose\lib\query.js:2716:8)
    at model.Query.exec (C:\Users\Minindu\Desktop\CareerPath\Backend\node_modules\mongoose\lib\query.js:4726:80)
    at process.processTicksAndRejections (node:internal/process/task_queues:105:5)
    at async exports.updateProfile (C:\Users\Minindu\Desktop\CareerPath\Backend\Controllers\userController.js:25:18)
2026-03-21T17:43:03.618Z CastError: Cast to ObjectId failed for value "undefined" (type string) at path "_id" for model "User"
    at SchemaObjectId.cast (C:\Users\Minindu\Desktop\CareerPath\Backend\node_modules\mongoose\lib\schema\objectId.js:253:11)
    at SchemaType.applySetters (C:\Users\Minindu\Desktop\CareerPath\Backend\node_modules\mongoose\lib\schemaType.js:1287:12)
    at SchemaType.castForQuery (C:\Users\Minindu\Desktop\CareerPath\Backend\node_modules\mongoose\lib\schemaType.js:1713:17)
    at cast (C:\Users\Minindu\Desktop\CareerPath\Backend\node_modules\mongoose\lib\cast.js:386:32)
    at Query.cast (C:\Users\Minindu\Desktop\CareerPath\Backend\node_modules\mongoose\lib\query.js:5127:12)
    at Query._castConditions (C:\Users\Minindu\Desktop\CareerPath\Backend\node_modules\mongoose\lib\query.js:2376:10)
    at model.Query._findOne (C:\Users\Minindu\Desktop\CareerPath\Backend\node_modules\mongoose\lib\query.js:2716:8)
    at model.Query.exec (C:\Users\Minindu\Desktop\CareerPath\Backend\node_modules\mongoose\lib\query.js:4726:80)
    at process.processTicksAndRejections (node:internal/process/task_queues:105:5)
    at async exports.updateProfile (C:\Users\Minindu\Desktop\CareerPath\Backend\Controllers\userController.js:25:18)
